<?xml version="1.0" encoding="UTF-8"?>
<testsuite name="fr.iim.iwm.a5.kotlin.ArticleTests" tests="2" skipped="0" failures="0" errors="0" timestamp="2019-03-02T15:38:54" hostname="MacBook-Pro-de-Arnaud.local" time="0.575">
  <properties/>
  <testcase name="testArticleFound" classname="fr.iim.iwm.a5.kotlin.ArticleTests" time="0.546"/>
  <testcase name="testArticleNotFound" classname="fr.iim.iwm.a5.kotlin.ArticleTests" time="0.029"/>
  <system-out><![CDATA[]]></system-out>
  <system-err><![CDATA[]]></system-err>
</testsuite>
